00006038 t .udivsi3_skip_div0_test
00010038 a _DYNAMIC
00010130 a _GLOBAL_OFFSET_TABLE_
         w _ITM_deregisterTMCloneTable
         w _ITM_registerTMCloneTable
         w _Jv_RegisterClasses
00008020 r __EH_FRAME_BEGIN__
00008020 r __FRAME_END__
00010034 d __JCR_END__
00010034 d __JCR_LIST__
000102d8 d __TMC_END__
00006280 t __aeabi_idiv0
00006280 t __aeabi_ldiv0
00006038 t __aeabi_uidiv
00006224 t __aeabi_uidivmod
00006244 t __aeabi_uldivmod
         U __aeabi_unwind_cpp_pr0
000105a8 A __bss_end__
000102d8 A __bss_start
000102d8 A __bss_start__
         w __cxa_finalize@@GLIBC_2.4
         w __deregister_frame_info
00007258 t __divdi3
00001cfc t __do_global_dtors_aux
0001002c t __do_global_dtors_aux_fini_array_entry
000102b8 d __dso_handle
000105a8 A __end__
         U __errno_location@@GLIBC_2.4
00010024 t __frame_dummy_init_array_entry
         w __gmon_start__
00006290 t __gnu_ldivmod_helper
000062d0 t __gnu_uldivmod_helper
00006020 t __pthread_atfork
         U __pthread_register_cancel@@GLIBC_2.4
         U __pthread_unregister_cancel@@GLIBC_2.4
         w __pthread_unwind_next@@GLIBC_2.4
00005ff0 W __real_clock_gettime
00005fa0 W __real_free
00005fc0 W __real_gettimeofday
00005f78 W __real_malloc
         U __register_atfork@@GLIBC_2.4
         w __register_frame_info
00004c88 t __rt_print_exit
00004664 t __rt_print_init
00005464 t __rthal_do_div
000055b4 t __rthal_generic_div96by32
000056b8 t __rthal_generic_llmulshft
00005554 t __rthal_generic_ulldiv
000054f4 t __rthal_generic_ullmul
         U __sigsetjmp@@GLIBC_2.4
00006cc8 t __sync_add_and_fetch_1
00006a3c t __sync_add_and_fetch_2
000068e8 t __sync_add_and_fetch_4
00006df4 t __sync_and_and_fetch_1
00006b80 t __sync_and_and_fetch_2
00006990 t __sync_and_and_fetch_4
000070a0 t __sync_bool_compare_and_swap_1
00007070 t __sync_bool_compare_and_swap_2
00007044 t __sync_bool_compare_and_swap_4
000066bc t __sync_fetch_and_add_1
00006460 t __sync_fetch_and_add_2
0000630c t __sync_fetch_and_add_4
000067d0 t __sync_fetch_and_and_1
0000658c t __sync_fetch_and_and_2
000063b4 t __sync_fetch_and_and_4
00006888 t __sync_fetch_and_nand_1
00006654 t __sync_fetch_and_nand_2
00006424 t __sync_fetch_and_nand_4
00006774 t __sync_fetch_and_or_1
00006528 t __sync_fetch_and_or_2
0000637c t __sync_fetch_and_or_4
00006718 t __sync_fetch_and_sub_1
000064c4 t __sync_fetch_and_sub_2
00006344 t __sync_fetch_and_sub_4
0000682c t __sync_fetch_and_xor_1
000065f0 t __sync_fetch_and_xor_2
000063ec t __sync_fetch_and_xor_4
00007238 t __sync_lock_release_1
00007218 t __sync_lock_release_2
000071f8 t __sync_lock_release_4
000071d4 t __sync_lock_release_8
0000717c t __sync_lock_test_and_set_1
0000711c t __sync_lock_test_and_set_2
000070e4 t __sync_lock_test_and_set_4
00006ebc t __sync_nand_and_fetch_1
00006c58 t __sync_nand_and_fetch_2
00006a00 t __sync_nand_and_fetch_4
00006d90 t __sync_or_and_fetch_1
00006b14 t __sync_or_and_fetch_2
00006958 t __sync_or_and_fetch_4
00006d2c t __sync_sub_and_fetch_1
00006aa8 t __sync_sub_and_fetch_2
00006920 t __sync_sub_and_fetch_4
000070d0 t __sync_synchronize
00006fdc t __sync_val_compare_and_swap_1
00006f6c t __sync_val_compare_and_swap_2
00006f24 t __sync_val_compare_and_swap_4
00006e58 t __sync_xor_and_fetch_1
00006bec t __sync_xor_and_fetch_2
000069c8 t __sync_xor_and_fetch_4
00007740 t __udivdi3
00006038 t __udivsi3
00002098 T __wrap_free
000020bc T __wrap_gettimeofday
0000206c T __wrap_malloc
000029b0 t __xeno_set_current
000102bc D __xn_tscinfo
000105a8 A _bss_end__
000102d8 A _edata
000105a8 A _end
00007bc4 T _fini
00001854 T _init
         U access@@GLIBC_2.4
00001fbc T assert_nrt
00002014 T assert_nrt_fast
00001ef8 t assert_nrt_inner
00010320 b auto_init
00010468 b bln_frac
00010370 b buffer_key
00010324 b buffer_lock
0001030c b buffers
00001c28 t call_weak_fn
00003e0c t cleanup_buffer
         U clock_gettime@@GLIBC_2.4
00010448 b clockfreq
         U close@@GLIBC_2.4
000102d8 b completed.5955
00010314 b default_buffer_size
00007f4c r default_size.7381
00007e70 r default_size.7607
00001c4c t deregister_tm_clones
00002410 t do_init_arch_features
         U exit@@GLIBC_2.4
         U fflush@@GLIBC_2.4
00010308 b first_buffer
00004504 t forked_child_init
         U fprintf@@GLIBC_2.4
00001d88 t frame_dummy
         U free@@GLIBC_2.4
         U fwrite@@GLIBC_2.4
000040cc t get_next_buffer
00004068 t get_next_seq_no
         U getenv@@GLIBC_2.4
         U getpagesize@@GLIBC_2.4
         U gettimeofday@@GLIBC_2.4
00010478 b hrclock_freq
000102fc b init_archfeat_once.7998
00002a18 t init_current_keys
0001038c b init_once
000103a0 b init_private_heap
000103b4 b init_rest_once.7689
00010480 b init_timeconv_once.6421
         U ioctl@@GLIBC_2.4
         U malloc@@GLIBC_2.4
00004dc4 t map_sem_heap
         U memcpy@@GLIBC_2.4
         U memset@@GLIBC_2.4
00010390 b min_size.7382
000102f8 b min_size.7608
         U mmap@@GLIBC_2.4
         U munmap@@GLIBC_2.4
         U nanosleep@@GLIBC_2.4
000105a4 B nkvdso
000102dc b object.5960
         U open@@GLIBC_2.4
         U perror@@GLIBC_2.4
00010378 b pool_bitmap
0001037c b pool_bitmap_len
00010380 b pool_buf_size
00010388 b pool_len
00010384 b pool_start
00004178 t print_buffers
00010318 b print_period
0000335c t print_to_buffer
00004368 t printer_loop
00010374 b printer_thread
00010340 b printer_wakeup
000103a4 b private_hdesc
00006020 t pthread_atfork
         U pthread_attr_init@@GLIBC_2.4
         U pthread_attr_setdetachstate@@GLIBC_2.4
         U pthread_attr_setstacksize@@GLIBC_2.4
         U pthread_cancel@@GLIBC_2.4
         U pthread_cond_init@@GLIBC_2.4
         U pthread_cond_signal@@GLIBC_2.4
         U pthread_cond_wait@@GLIBC_2.4
         U pthread_create@@GLIBC_2.4
         U pthread_getspecific@@GLIBC_2.4
         U pthread_key_create@@GLIBC_2.4
         U pthread_kill@@GLIBC_2.4
         U pthread_mutex_init@@GLIBC_2.4
         U pthread_mutex_lock@@GLIBC_2.4
         U pthread_mutex_unlock@@GLIBC_2.4
         U pthread_once@@GLIBC_2.4
         U pthread_self@@GLIBC_2.4
         U pthread_setschedparam@@GLIBC_2.4
         U pthread_setspecific@@GLIBC_2.4
         U pthread_sigmask@@GLIBC_2.4
         U raise@@GLIBC_2.4
00001ca0 t register_tm_clones
00003454 T rt_fprintf
000035d4 T rt_fputc
000034fc T rt_fputs
00003680 T rt_fwrite
00003c2c T rt_print_auto_init
00003d28 T rt_print_buffer_name
00003c88 T rt_print_cleanup
00003dd0 T rt_print_flush_buffers
0000393c T rt_print_init
0000381c t rt_print_init_inner
0000349c T rt_printf
00003638 T rt_putchar
00003544 T rt_puts
000036d0 T rt_syslog
000033b8 T rt_vfprintf
00003404 T rt_vprintf
00003720 T rt_vsyslog
00005a5c t rthal_arm_nodiv_llimd
0000599c t rthal_arm_nodiv_ullimd
00005658 t rthal_llmi
00010310 b seq_no
00003764 t set_buffer_name
00000000 a shift
         U sigaction@@GLIBC_2.4
         U sigaddset@@GLIBC_2.4
         U sigemptyset@@GLIBC_2.4
         U sigfillset@@GLIBC_2.4
         U signal@@GLIBC_2.4
00010444 b sigshadow_installed.5405
00004488 t spawn_printer_thread
         U sprintf@@GLIBC_2.4
         U stderr@@GLIBC_2.4
         U stdout@@GLIBC_2.4
         U strerror@@GLIBC_2.4
         U strlen@@GLIBC_2.4
         U strncpy@@GLIBC_2.4
         U strtol@@GLIBC_2.4
         U strtoll@@GLIBC_2.4
         U strtoul@@GLIBC_2.4
         U sysconf@@GLIBC_2.4
         U syslog@@GLIBC_2.4
00010458 b tsc_frac
00010450 b tsc_scale
00010454 b tsc_shift
00004340 t unlock
00004e88 t unmap_on_fork
00002d5c t vprint_to_buffer
         U vsnprintf@@GLIBC_2.4
00002198 t xeno_arm_features_check
0000246c T xeno_bind_skin_opt
000029f4 t xeno_current_fork_handler
000105a0 B xeno_current_key
0001059c B xeno_current_mode_key
000027c4 T xeno_fault_stack
00010488 B xeno_featinfo
00001e00 t xeno_get_current
00002958 t xeno_get_current
00001e58 t xeno_get_current_fast
00001e9c t xeno_get_current_mode
0000288c T xeno_handle_mlock_alert
0000243c t xeno_init_arch_features
00002aec T xeno_init_current_keys
00010300 b xeno_init_current_keys_once.6368
00005020 t xeno_init_private_heap
00005088 t xeno_init_rest_once
00005110 T xeno_init_sem_heaps
00005e88 T xeno_init_timeconv
00005e60 t xeno_init_timeconv_inner
00004f60 t xeno_init_vdso
000102f4 b xeno_main_tid
00004cdc T xeno_map_heap
000103b8 b xeno_saved_sigshadow_action
00010398 B xeno_sem_heap
00002bd8 T xeno_set_current
00002b1c T xeno_set_current_mode
000023c0 t xeno_sigill_handler
0000524c t xeno_sigshadow_handler
00005350 T xeno_sigshadow_install
00005428 T xeno_sigshadow_install_once
00005164 T xeno_sigwinch_handler
000102d4 D xeno_sigxcpu_no_mlock
00002b74 T xeno_slow_get_current
000020f0 t xeno_stacksize
00002cb4 t xeno_stacksize
00002c88 t xnarch_atomic_set
00005c8c T xnarch_divrem_billion
000058c4 t xnarch_init_llmulshft
00005d98 t xnarch_init_timeconv
00005828 t xnarch_init_u32frac
00005c28 T xnarch_ns_to_tsc
00005b3c T xnarch_tsc_to_ns
00005b94 T xnarch_tsc_to_ns_rounded
